<?xml version="1.0" encoding="UTF-8"?>
<!-- Generated by org.testng.reporters.JUnitReportReporter -->
<testsuite hostname="Pavi-PC" name="HooksAndTestRunner.TestRunnerOne" tests="4" failures="0" timestamp="5 Jun 2018 02:31:34 GMT" time="11.940" errors="0">
  <testcase name="feature" time="0.471" classname="HooksAndTestRunner.TestRunnerOne"/>
  <testcase name="feature" time="5.627" classname="HooksAndTestRunner.TestRunnerOne"/>
  <testcase name="feature" time="5.130" classname="HooksAndTestRunner.TestRunnerOne"/>
  <testcase name="feature" time="0.712" classname="HooksAndTestRunner.TestRunnerOne"/>
</testsuite> <!-- HooksAndTestRunner.TestRunnerOne -->
