<?xml version="1.0" encoding="UTF-8"?>
<!-- Generated by org.testng.reporters.JUnitReportReporter -->
<testsuite hostname="Pavi-PC" name="HooksAndTestRunner.TestRunnerOne" tests="4" failures="0" timestamp="5 Jun 2018 02:10:48 GMT" time="11.386" errors="0">
  <testcase name="feature" time="5.056" classname="HooksAndTestRunner.TestRunnerOne"/>
  <testcase name="feature" time="5.148" classname="HooksAndTestRunner.TestRunnerOne"/>
  <testcase name="feature" time="0.429" classname="HooksAndTestRunner.TestRunnerOne"/>
  <testcase name="feature" time="0.753" classname="HooksAndTestRunner.TestRunnerOne"/>
</testsuite> <!-- HooksAndTestRunner.TestRunnerOne -->
